#! /usr/bin/vvp
:ivl_version "11.0 (stable)";
:ivl_delay_selection "TYPICAL";
:vpi_time_precision + 0;
:vpi_module "/usr/lib/x86_64-linux-gnu/ivl/system.vpi";
:vpi_module "/usr/lib/x86_64-linux-gnu/ivl/vhdl_sys.vpi";
:vpi_module "/usr/lib/x86_64-linux-gnu/ivl/vhdl_textio.vpi";
:vpi_module "/usr/lib/x86_64-linux-gnu/ivl/v2005_math.vpi";
:vpi_module "/usr/lib/x86_64-linux-gnu/ivl/va_math.vpi";
S_0x626a09e80400 .scope module, "Testbench" "Testbench" 2 1;
 .timescale 0 0;
v0x626a09eb0b80_0 .var "clk", 0 0;
v0x626a09eb0c20_0 .var "reset", 0 0;
v0x626a09eb0ce0_0 .net "saida_pc", 31 0, L_0x626a09ec3af0;  1 drivers
S_0x626a09e8bef0 .scope module, "uut" "Caminho_de_Dados" 2 8, 3 1 0, S_0x626a09e80400;
 .timescale 0 0;
    .port_info 0 /INPUT 1 "clk";
    .port_info 1 /INPUT 1 "reset";
    .port_info 2 /OUTPUT 32 "saida_pc";
L_0x626a09eb29e0 .functor AND 1, v0x626a09ea7960_0, L_0x626a09ec34b0, C4<1>, C4<1>;
L_0x626a09ec3af0 .functor BUFZ 32, v0x626a09eadf10_0, C4<00000000000000000000000000000000>, C4<00000000000000000000000000000000>, C4<00000000000000000000000000000000>;
v0x626a09eaf4c0_0 .net "ALU_src", 0 0, v0x626a09ea74b0_0;  1 drivers
v0x626a09eaf580_0 .net "ALUop", 2 0, v0x626a09ea7590_0;  1 drivers
v0x626a09eaf620_0 .net "Instrucao", 31 0, v0x626a09eab200_0;  1 drivers
v0x626a09eaf710_0 .net "Mem_Read", 0 0, v0x626a09ea7650_0;  1 drivers
v0x626a09eaf800_0 .net "Mem_Write", 0 0, v0x626a09ea76f0_0;  1 drivers
v0x626a09eaf940_0 .net "Mem_to_Reg", 0 0, v0x626a09ea7790_0;  1 drivers
v0x626a09eaf9e0_0 .net "RegWrite", 0 0, v0x626a09ea78a0_0;  1 drivers
v0x626a09eafad0_0 .net "Register1", 31 0, L_0x626a09e7fcc0;  1 drivers
v0x626a09eafbc0_0 .net "Register2", 31 0, L_0x626a09eb1480;  1 drivers
v0x626a09eafc80_0 .net "Resultado_ALU", 31 0, v0x626a09e5b4f0_0;  1 drivers
v0x626a09eafd90_0 .net *"_ivl_17", 0 0, L_0x626a09eb29e0;  1 drivers
v0x626a09eafe50_0 .net *"_ivl_18", 31 0, L_0x626a09ec38b0;  1 drivers
v0x626a09eaff30_0 .net *"_ivl_20", 30 0, L_0x626a09ec3810;  1 drivers
L_0x755362e6f1c8 .functor BUFT 1, C4<0>, C4<0>, C4<0>, C4<0>;
v0x626a09eb0010_0 .net *"_ivl_22", 0 0, L_0x755362e6f1c8;  1 drivers
v0x626a09eb00f0_0 .net *"_ivl_24", 31 0, L_0x626a09ec3a50;  1 drivers
L_0x755362e6f210 .functor BUFT 1, C4<00000000000000000000000000000001>, C4<0>, C4<0>, C4<0>;
v0x626a09eb01d0_0 .net/2u *"_ivl_26", 31 0, L_0x755362e6f210;  1 drivers
v0x626a09eb02b0_0 .net *"_ivl_28", 31 0, L_0x626a09ec3b60;  1 drivers
v0x626a09eb04a0_0 .net "branch", 0 0, v0x626a09ea7960_0;  1 drivers
v0x626a09eb0540_0 .net "clk", 0 0, v0x626a09eb0b80_0;  1 drivers
v0x626a09eb05e0_0 .net "mem_data", 31 0, v0x626a09ea8590_0;  1 drivers
v0x626a09eb0680_0 .net "pc", 31 0, v0x626a09eadf10_0;  1 drivers
v0x626a09eb0770_0 .net "pc_next", 31 0, L_0x626a09ec3d00;  1 drivers
v0x626a09eb0830_0 .net "reset", 0 0, v0x626a09eb0c20_0;  1 drivers
v0x626a09eb0920_0 .net "saida_Imm", 31 0, v0x626a09eaa290_0;  1 drivers
v0x626a09eb09c0_0 .net "saida_pc", 31 0, L_0x626a09ec3af0;  alias, 1 drivers
v0x626a09eb0a80_0 .net "zero", 0 0, L_0x626a09ec34b0;  1 drivers
L_0x626a09eb0d80 .part v0x626a09eab200_0, 0, 7;
L_0x626a09eb0e20 .part v0x626a09eab200_0, 12, 3;
L_0x626a09eb0f50 .part v0x626a09eab200_0, 25, 7;
L_0x626a09eb1540 .part v0x626a09eab200_0, 15, 5;
L_0x626a09eb1660 .part v0x626a09eab200_0, 20, 5;
L_0x626a09eb1750 .part v0x626a09eab200_0, 7, 5;
L_0x626a09eb1940 .functor MUXZ 32, v0x626a09e5b4f0_0, v0x626a09ea8590_0, v0x626a09ea7790_0, C4<>;
L_0x626a09ec35f0 .functor MUXZ 32, L_0x626a09eb1480, v0x626a09eaa290_0, v0x626a09ea74b0_0, C4<>;
L_0x626a09ec3810 .part v0x626a09eaa290_0, 0, 31;
L_0x626a09ec38b0 .concat [ 1 31 0 0], L_0x755362e6f1c8, L_0x626a09ec3810;
L_0x626a09ec3a50 .arith/sum 32, v0x626a09eadf10_0, L_0x626a09ec38b0;
L_0x626a09ec3b60 .arith/sum 32, v0x626a09eadf10_0, L_0x755362e6f210;
L_0x626a09ec3d00 .functor MUXZ 32, L_0x626a09ec3b60, L_0x626a09ec3a50, L_0x626a09eb29e0, C4<>;
S_0x626a09e4a410 .scope module, "ALU" "ALU" 3 59, 4 1 0, S_0x626a09e8bef0;
 .timescale 0 0;
    .port_info 0 /INPUT 32 "X";
    .port_info 1 /INPUT 32 "Y";
    .port_info 2 /INPUT 3 "ALUop";
    .port_info 3 /OUTPUT 32 "Resultado_ALU";
    .port_info 4 /OUTPUT 1 "zero";
v0x626a09e5abd0_0 .net "ALUop", 2 0, v0x626a09ea7590_0;  alias, 1 drivers
v0x626a09e5b4f0_0 .var "Resultado_ALU", 31 0;
v0x626a09e768d0_0 .net "X", 31 0, L_0x626a09e7fcc0;  alias, 1 drivers
v0x626a09e76970_0 .net "Y", 31 0, L_0x626a09ec35f0;  1 drivers
L_0x755362e6f0f0 .functor BUFT 1, C4<00000000000000000000000000000000>, C4<0>, C4<0>, C4<0>;
v0x626a09ea6bf0_0 .net/2u *"_ivl_0", 31 0, L_0x755362e6f0f0;  1 drivers
v0x626a09ea6d20_0 .net *"_ivl_2", 0 0, L_0x626a09ec3280;  1 drivers
L_0x755362e6f138 .functor BUFT 1, C4<01>, C4<0>, C4<0>, C4<0>;
v0x626a09ea6de0_0 .net/2s *"_ivl_4", 1 0, L_0x755362e6f138;  1 drivers
L_0x755362e6f180 .functor BUFT 1, C4<00>, C4<0>, C4<0>, C4<0>;
v0x626a09ea6ec0_0 .net/2s *"_ivl_6", 1 0, L_0x755362e6f180;  1 drivers
v0x626a09ea6fa0_0 .net *"_ivl_8", 1 0, L_0x626a09ec3320;  1 drivers
v0x626a09ea7080_0 .net "zero", 0 0, L_0x626a09ec34b0;  alias, 1 drivers
E_0x626a09e8b460 .event edge, v0x626a09e5abd0_0, v0x626a09e768d0_0, v0x626a09e76970_0;
L_0x626a09ec3280 .cmp/eq 32, v0x626a09e5b4f0_0, L_0x755362e6f0f0;
L_0x626a09ec3320 .functor MUXZ 2, L_0x755362e6f180, L_0x755362e6f138, L_0x626a09ec3280, C4<>;
L_0x626a09ec34b0 .part L_0x626a09ec3320, 0, 1;
S_0x626a09ea71e0 .scope module, "Control" "Unit_Control" 3 26, 5 1 0, S_0x626a09e8bef0;
 .timescale 0 0;
    .port_info 0 /INPUT 7 "opcode";
    .port_info 1 /INPUT 3 "funct3";
    .port_info 2 /INPUT 7 "funct7";
    .port_info 3 /OUTPUT 3 "ALUop";
    .port_info 4 /OUTPUT 1 "Mem_Read";
    .port_info 5 /OUTPUT 1 "Mem_Write";
    .port_info 6 /OUTPUT 1 "RegWrite";
    .port_info 7 /OUTPUT 1 "ALU_src";
    .port_info 8 /OUTPUT 1 "Mem_to_Reg";
    .port_info 9 /OUTPUT 1 "branch";
v0x626a09ea74b0_0 .var "ALU_src", 0 0;
v0x626a09ea7590_0 .var "ALUop", 2 0;
v0x626a09ea7650_0 .var "Mem_Read", 0 0;
v0x626a09ea76f0_0 .var "Mem_Write", 0 0;
v0x626a09ea7790_0 .var "Mem_to_Reg", 0 0;
v0x626a09ea78a0_0 .var "RegWrite", 0 0;
v0x626a09ea7960_0 .var "branch", 0 0;
v0x626a09ea7a20_0 .net "funct3", 2 0, L_0x626a09eb0e20;  1 drivers
v0x626a09ea7b00_0 .net "funct7", 6 0, L_0x626a09eb0f50;  1 drivers
v0x626a09ea7c70_0 .net "opcode", 6 0, L_0x626a09eb0d80;  1 drivers
E_0x626a09e8b4a0 .event edge, v0x626a09ea7c70_0, v0x626a09ea7a20_0, v0x626a09ea7b00_0;
S_0x626a09ea7ef0 .scope module, "DM" "Data_Memory" 3 68, 6 1 0, S_0x626a09e8bef0;
 .timescale 0 0;
    .port_info 0 /INPUT 1 "clk";
    .port_info 1 /INPUT 32 "Endereco";
    .port_info 2 /INPUT 32 "Write_Data";
    .port_info 3 /INPUT 1 "Mem_Write";
    .port_info 4 /INPUT 1 "Mem_Read";
    .port_info 5 /OUTPUT 32 "Read_Data";
v0x626a09ea8310_0 .net "Endereco", 31 0, v0x626a09e5b4f0_0;  alias, 1 drivers
v0x626a09ea83f0_0 .net "Mem_Read", 0 0, v0x626a09ea7650_0;  alias, 1 drivers
v0x626a09ea8490_0 .net "Mem_Write", 0 0, v0x626a09ea76f0_0;  alias, 1 drivers
v0x626a09ea8590_0 .var "Read_Data", 31 0;
v0x626a09ea8630_0 .net "Write_Data", 31 0, L_0x626a09eb1480;  alias, 1 drivers
v0x626a09ea8720_0 .net "clk", 0 0, v0x626a09eb0b80_0;  alias, 1 drivers
v0x626a09ea87e0 .array "vetor_memoria", 54 0, 31 0;
v0x626a09ea87e0_0 .array/port v0x626a09ea87e0, 0;
v0x626a09ea87e0_1 .array/port v0x626a09ea87e0, 1;
E_0x626a09e8ab00/0 .event edge, v0x626a09ea7650_0, v0x626a09e5b4f0_0, v0x626a09ea87e0_0, v0x626a09ea87e0_1;
v0x626a09ea87e0_2 .array/port v0x626a09ea87e0, 2;
v0x626a09ea87e0_3 .array/port v0x626a09ea87e0, 3;
v0x626a09ea87e0_4 .array/port v0x626a09ea87e0, 4;
v0x626a09ea87e0_5 .array/port v0x626a09ea87e0, 5;
E_0x626a09e8ab00/1 .event edge, v0x626a09ea87e0_2, v0x626a09ea87e0_3, v0x626a09ea87e0_4, v0x626a09ea87e0_5;
v0x626a09ea87e0_6 .array/port v0x626a09ea87e0, 6;
v0x626a09ea87e0_7 .array/port v0x626a09ea87e0, 7;
v0x626a09ea87e0_8 .array/port v0x626a09ea87e0, 8;
v0x626a09ea87e0_9 .array/port v0x626a09ea87e0, 9;
E_0x626a09e8ab00/2 .event edge, v0x626a09ea87e0_6, v0x626a09ea87e0_7, v0x626a09ea87e0_8, v0x626a09ea87e0_9;
v0x626a09ea87e0_10 .array/port v0x626a09ea87e0, 10;
v0x626a09ea87e0_11 .array/port v0x626a09ea87e0, 11;
v0x626a09ea87e0_12 .array/port v0x626a09ea87e0, 12;
v0x626a09ea87e0_13 .array/port v0x626a09ea87e0, 13;
E_0x626a09e8ab00/3 .event edge, v0x626a09ea87e0_10, v0x626a09ea87e0_11, v0x626a09ea87e0_12, v0x626a09ea87e0_13;
v0x626a09ea87e0_14 .array/port v0x626a09ea87e0, 14;
v0x626a09ea87e0_15 .array/port v0x626a09ea87e0, 15;
v0x626a09ea87e0_16 .array/port v0x626a09ea87e0, 16;
v0x626a09ea87e0_17 .array/port v0x626a09ea87e0, 17;
E_0x626a09e8ab00/4 .event edge, v0x626a09ea87e0_14, v0x626a09ea87e0_15, v0x626a09ea87e0_16, v0x626a09ea87e0_17;
v0x626a09ea87e0_18 .array/port v0x626a09ea87e0, 18;
v0x626a09ea87e0_19 .array/port v0x626a09ea87e0, 19;
v0x626a09ea87e0_20 .array/port v0x626a09ea87e0, 20;
v0x626a09ea87e0_21 .array/port v0x626a09ea87e0, 21;
E_0x626a09e8ab00/5 .event edge, v0x626a09ea87e0_18, v0x626a09ea87e0_19, v0x626a09ea87e0_20, v0x626a09ea87e0_21;
v0x626a09ea87e0_22 .array/port v0x626a09ea87e0, 22;
v0x626a09ea87e0_23 .array/port v0x626a09ea87e0, 23;
v0x626a09ea87e0_24 .array/port v0x626a09ea87e0, 24;
v0x626a09ea87e0_25 .array/port v0x626a09ea87e0, 25;
E_0x626a09e8ab00/6 .event edge, v0x626a09ea87e0_22, v0x626a09ea87e0_23, v0x626a09ea87e0_24, v0x626a09ea87e0_25;
v0x626a09ea87e0_26 .array/port v0x626a09ea87e0, 26;
v0x626a09ea87e0_27 .array/port v0x626a09ea87e0, 27;
v0x626a09ea87e0_28 .array/port v0x626a09ea87e0, 28;
v0x626a09ea87e0_29 .array/port v0x626a09ea87e0, 29;
E_0x626a09e8ab00/7 .event edge, v0x626a09ea87e0_26, v0x626a09ea87e0_27, v0x626a09ea87e0_28, v0x626a09ea87e0_29;
v0x626a09ea87e0_30 .array/port v0x626a09ea87e0, 30;
v0x626a09ea87e0_31 .array/port v0x626a09ea87e0, 31;
v0x626a09ea87e0_32 .array/port v0x626a09ea87e0, 32;
v0x626a09ea87e0_33 .array/port v0x626a09ea87e0, 33;
E_0x626a09e8ab00/8 .event edge, v0x626a09ea87e0_30, v0x626a09ea87e0_31, v0x626a09ea87e0_32, v0x626a09ea87e0_33;
v0x626a09ea87e0_34 .array/port v0x626a09ea87e0, 34;
v0x626a09ea87e0_35 .array/port v0x626a09ea87e0, 35;
v0x626a09ea87e0_36 .array/port v0x626a09ea87e0, 36;
v0x626a09ea87e0_37 .array/port v0x626a09ea87e0, 37;
E_0x626a09e8ab00/9 .event edge, v0x626a09ea87e0_34, v0x626a09ea87e0_35, v0x626a09ea87e0_36, v0x626a09ea87e0_37;
v0x626a09ea87e0_38 .array/port v0x626a09ea87e0, 38;
v0x626a09ea87e0_39 .array/port v0x626a09ea87e0, 39;
v0x626a09ea87e0_40 .array/port v0x626a09ea87e0, 40;
v0x626a09ea87e0_41 .array/port v0x626a09ea87e0, 41;
E_0x626a09e8ab00/10 .event edge, v0x626a09ea87e0_38, v0x626a09ea87e0_39, v0x626a09ea87e0_40, v0x626a09ea87e0_41;
v0x626a09ea87e0_42 .array/port v0x626a09ea87e0, 42;
v0x626a09ea87e0_43 .array/port v0x626a09ea87e0, 43;
v0x626a09ea87e0_44 .array/port v0x626a09ea87e0, 44;
v0x626a09ea87e0_45 .array/port v0x626a09ea87e0, 45;
E_0x626a09e8ab00/11 .event edge, v0x626a09ea87e0_42, v0x626a09ea87e0_43, v0x626a09ea87e0_44, v0x626a09ea87e0_45;
v0x626a09ea87e0_46 .array/port v0x626a09ea87e0, 46;
v0x626a09ea87e0_47 .array/port v0x626a09ea87e0, 47;
v0x626a09ea87e0_48 .array/port v0x626a09ea87e0, 48;
v0x626a09ea87e0_49 .array/port v0x626a09ea87e0, 49;
E_0x626a09e8ab00/12 .event edge, v0x626a09ea87e0_46, v0x626a09ea87e0_47, v0x626a09ea87e0_48, v0x626a09ea87e0_49;
v0x626a09ea87e0_50 .array/port v0x626a09ea87e0, 50;
v0x626a09ea87e0_51 .array/port v0x626a09ea87e0, 51;
v0x626a09ea87e0_52 .array/port v0x626a09ea87e0, 52;
v0x626a09ea87e0_53 .array/port v0x626a09ea87e0, 53;
E_0x626a09e8ab00/13 .event edge, v0x626a09ea87e0_50, v0x626a09ea87e0_51, v0x626a09ea87e0_52, v0x626a09ea87e0_53;
v0x626a09ea87e0_54 .array/port v0x626a09ea87e0, 54;
E_0x626a09e8ab00/14 .event edge, v0x626a09ea87e0_54;
E_0x626a09e8ab00 .event/or E_0x626a09e8ab00/0, E_0x626a09e8ab00/1, E_0x626a09e8ab00/2, E_0x626a09e8ab00/3, E_0x626a09e8ab00/4, E_0x626a09e8ab00/5, E_0x626a09e8ab00/6, E_0x626a09e8ab00/7, E_0x626a09e8ab00/8, E_0x626a09e8ab00/9, E_0x626a09e8ab00/10, E_0x626a09e8ab00/11, E_0x626a09e8ab00/12, E_0x626a09e8ab00/13, E_0x626a09e8ab00/14;
E_0x626a09e8b950 .event posedge, v0x626a09ea8720_0;
S_0x626a09ea9200 .scope module, "IG" "Imm_gen" 3 53, 7 1 0, S_0x626a09e8bef0;
 .timescale 0 0;
    .port_info 0 /INPUT 32 "Instrucao";
    .port_info 1 /OUTPUT 32 "saida_Imm";
v0x626a09ea9490_0 .net "Instrucao", 31 0, v0x626a09eab200_0;  alias, 1 drivers
v0x626a09ea9590_0 .net *"_ivl_1", 0 0, L_0x626a09eb1a80;  1 drivers
v0x626a09ea9670_0 .net *"_ivl_10", 19 0, L_0x626a09eb2030;  1 drivers
v0x626a09ea9730_0 .net *"_ivl_13", 6 0, L_0x626a09eb2210;  1 drivers
v0x626a09ea9810_0 .net *"_ivl_15", 4 0, L_0x626a09eb22b0;  1 drivers
v0x626a09ea9940_0 .net *"_ivl_19", 0 0, L_0x626a09eb24e0;  1 drivers
v0x626a09ea9a20_0 .net *"_ivl_2", 19 0, L_0x626a09eb1b20;  1 drivers
v0x626a09ea9b00_0 .net *"_ivl_20", 18 0, L_0x626a09eb25e0;  1 drivers
v0x626a09ea9be0_0 .net *"_ivl_23", 0 0, L_0x626a09eb2940;  1 drivers
v0x626a09ea9d50_0 .net *"_ivl_25", 0 0, L_0x626a09eb2a50;  1 drivers
v0x626a09ea9e30_0 .net *"_ivl_27", 5 0, L_0x626a09eb2d00;  1 drivers
v0x626a09ea9f10_0 .net *"_ivl_29", 3 0, L_0x626a09eb2e50;  1 drivers
L_0x755362e6f0a8 .functor BUFT 1, C4<0>, C4<0>, C4<0>, C4<0>;
v0x626a09ea9ff0_0 .net/2u *"_ivl_30", 0 0, L_0x755362e6f0a8;  1 drivers
v0x626a09eaa0d0_0 .net *"_ivl_5", 11 0, L_0x626a09eb1dd0;  1 drivers
v0x626a09eaa1b0_0 .net *"_ivl_9", 0 0, L_0x626a09eb1f90;  1 drivers
v0x626a09eaa290_0 .var "saida_Imm", 31 0;
v0x626a09eaa370_0 .net "saida_Imm_B", 31 0, L_0x626a09eb2f80;  1 drivers
v0x626a09eaa450_0 .net "saida_Imm_I", 31 0, L_0x626a09eb1e70;  1 drivers
v0x626a09eaa530_0 .net "saida_Imm_S", 31 0, L_0x626a09eb23a0;  1 drivers
E_0x626a09ea9400 .event edge, v0x626a09ea9490_0, v0x626a09eaa450_0, v0x626a09eaa530_0, v0x626a09eaa370_0;
L_0x626a09eb1a80 .part v0x626a09eab200_0, 31, 1;
LS_0x626a09eb1b20_0_0 .concat [ 1 1 1 1], L_0x626a09eb1a80, L_0x626a09eb1a80, L_0x626a09eb1a80, L_0x626a09eb1a80;
LS_0x626a09eb1b20_0_4 .concat [ 1 1 1 1], L_0x626a09eb1a80, L_0x626a09eb1a80, L_0x626a09eb1a80, L_0x626a09eb1a80;
LS_0x626a09eb1b20_0_8 .concat [ 1 1 1 1], L_0x626a09eb1a80, L_0x626a09eb1a80, L_0x626a09eb1a80, L_0x626a09eb1a80;
LS_0x626a09eb1b20_0_12 .concat [ 1 1 1 1], L_0x626a09eb1a80, L_0x626a09eb1a80, L_0x626a09eb1a80, L_0x626a09eb1a80;
LS_0x626a09eb1b20_0_16 .concat [ 1 1 1 1], L_0x626a09eb1a80, L_0x626a09eb1a80, L_0x626a09eb1a80, L_0x626a09eb1a80;
LS_0x626a09eb1b20_1_0 .concat [ 4 4 4 4], LS_0x626a09eb1b20_0_0, LS_0x626a09eb1b20_0_4, LS_0x626a09eb1b20_0_8, LS_0x626a09eb1b20_0_12;
LS_0x626a09eb1b20_1_4 .concat [ 4 0 0 0], LS_0x626a09eb1b20_0_16;
L_0x626a09eb1b20 .concat [ 16 4 0 0], LS_0x626a09eb1b20_1_0, LS_0x626a09eb1b20_1_4;
L_0x626a09eb1dd0 .part v0x626a09eab200_0, 20, 12;
L_0x626a09eb1e70 .concat [ 12 20 0 0], L_0x626a09eb1dd0, L_0x626a09eb1b20;
L_0x626a09eb1f90 .part v0x626a09eab200_0, 31, 1;
LS_0x626a09eb2030_0_0 .concat [ 1 1 1 1], L_0x626a09eb1f90, L_0x626a09eb1f90, L_0x626a09eb1f90, L_0x626a09eb1f90;
LS_0x626a09eb2030_0_4 .concat [ 1 1 1 1], L_0x626a09eb1f90, L_0x626a09eb1f90, L_0x626a09eb1f90, L_0x626a09eb1f90;
LS_0x626a09eb2030_0_8 .concat [ 1 1 1 1], L_0x626a09eb1f90, L_0x626a09eb1f90, L_0x626a09eb1f90, L_0x626a09eb1f90;
LS_0x626a09eb2030_0_12 .concat [ 1 1 1 1], L_0x626a09eb1f90, L_0x626a09eb1f90, L_0x626a09eb1f90, L_0x626a09eb1f90;
LS_0x626a09eb2030_0_16 .concat [ 1 1 1 1], L_0x626a09eb1f90, L_0x626a09eb1f90, L_0x626a09eb1f90, L_0x626a09eb1f90;
LS_0x626a09eb2030_1_0 .concat [ 4 4 4 4], LS_0x626a09eb2030_0_0, LS_0x626a09eb2030_0_4, LS_0x626a09eb2030_0_8, LS_0x626a09eb2030_0_12;
LS_0x626a09eb2030_1_4 .concat [ 4 0 0 0], LS_0x626a09eb2030_0_16;
L_0x626a09eb2030 .concat [ 16 4 0 0], LS_0x626a09eb2030_1_0, LS_0x626a09eb2030_1_4;
L_0x626a09eb2210 .part v0x626a09eab200_0, 25, 7;
L_0x626a09eb22b0 .part v0x626a09eab200_0, 7, 5;
L_0x626a09eb23a0 .concat [ 5 7 20 0], L_0x626a09eb22b0, L_0x626a09eb2210, L_0x626a09eb2030;
L_0x626a09eb24e0 .part v0x626a09eab200_0, 31, 1;
LS_0x626a09eb25e0_0_0 .concat [ 1 1 1 1], L_0x626a09eb24e0, L_0x626a09eb24e0, L_0x626a09eb24e0, L_0x626a09eb24e0;
LS_0x626a09eb25e0_0_4 .concat [ 1 1 1 1], L_0x626a09eb24e0, L_0x626a09eb24e0, L_0x626a09eb24e0, L_0x626a09eb24e0;
LS_0x626a09eb25e0_0_8 .concat [ 1 1 1 1], L_0x626a09eb24e0, L_0x626a09eb24e0, L_0x626a09eb24e0, L_0x626a09eb24e0;
LS_0x626a09eb25e0_0_12 .concat [ 1 1 1 1], L_0x626a09eb24e0, L_0x626a09eb24e0, L_0x626a09eb24e0, L_0x626a09eb24e0;
LS_0x626a09eb25e0_0_16 .concat [ 1 1 1 0], L_0x626a09eb24e0, L_0x626a09eb24e0, L_0x626a09eb24e0;
LS_0x626a09eb25e0_1_0 .concat [ 4 4 4 4], LS_0x626a09eb25e0_0_0, LS_0x626a09eb25e0_0_4, LS_0x626a09eb25e0_0_8, LS_0x626a09eb25e0_0_12;
LS_0x626a09eb25e0_1_4 .concat [ 3 0 0 0], LS_0x626a09eb25e0_0_16;
L_0x626a09eb25e0 .concat [ 16 3 0 0], LS_0x626a09eb25e0_1_0, LS_0x626a09eb25e0_1_4;
L_0x626a09eb2940 .part v0x626a09eab200_0, 31, 1;
L_0x626a09eb2a50 .part v0x626a09eab200_0, 7, 1;
L_0x626a09eb2d00 .part v0x626a09eab200_0, 25, 6;
L_0x626a09eb2e50 .part v0x626a09eab200_0, 8, 4;
LS_0x626a09eb2f80_0_0 .concat [ 1 4 6 1], L_0x755362e6f0a8, L_0x626a09eb2e50, L_0x626a09eb2d00, L_0x626a09eb2a50;
LS_0x626a09eb2f80_0_4 .concat [ 1 19 0 0], L_0x626a09eb2940, L_0x626a09eb25e0;
L_0x626a09eb2f80 .concat [ 12 20 0 0], LS_0x626a09eb2f80_0_0, LS_0x626a09eb2f80_0_4;
S_0x626a09eaa670 .scope module, "IM" "Instruction_Memory" 3 20, 8 1 0, S_0x626a09e8bef0;
 .timescale 0 0;
    .port_info 0 /INPUT 32 "Endereco";
    .port_info 1 /OUTPUT 32 "Instrucao";
v0x626a09eab100_0 .net "Endereco", 31 0, v0x626a09eadf10_0;  alias, 1 drivers
v0x626a09eab200_0 .var "Instrucao", 31 0;
v0x626a09eab2c0 .array "Instruction_Mem", 255 0, 31 0;
v0x626a09eab2c0_0 .array/port v0x626a09eab2c0, 0;
v0x626a09eab2c0_1 .array/port v0x626a09eab2c0, 1;
v0x626a09eab2c0_2 .array/port v0x626a09eab2c0, 2;
E_0x626a09eaa890/0 .event edge, v0x626a09eab100_0, v0x626a09eab2c0_0, v0x626a09eab2c0_1, v0x626a09eab2c0_2;
v0x626a09eab2c0_3 .array/port v0x626a09eab2c0, 3;
v0x626a09eab2c0_4 .array/port v0x626a09eab2c0, 4;
v0x626a09eab2c0_5 .array/port v0x626a09eab2c0, 5;
v0x626a09eab2c0_6 .array/port v0x626a09eab2c0, 6;
E_0x626a09eaa890/1 .event edge, v0x626a09eab2c0_3, v0x626a09eab2c0_4, v0x626a09eab2c0_5, v0x626a09eab2c0_6;
v0x626a09eab2c0_7 .array/port v0x626a09eab2c0, 7;
v0x626a09eab2c0_8 .array/port v0x626a09eab2c0, 8;
v0x626a09eab2c0_9 .array/port v0x626a09eab2c0, 9;
v0x626a09eab2c0_10 .array/port v0x626a09eab2c0, 10;
E_0x626a09eaa890/2 .event edge, v0x626a09eab2c0_7, v0x626a09eab2c0_8, v0x626a09eab2c0_9, v0x626a09eab2c0_10;
v0x626a09eab2c0_11 .array/port v0x626a09eab2c0, 11;
v0x626a09eab2c0_12 .array/port v0x626a09eab2c0, 12;
v0x626a09eab2c0_13 .array/port v0x626a09eab2c0, 13;
v0x626a09eab2c0_14 .array/port v0x626a09eab2c0, 14;
E_0x626a09eaa890/3 .event edge, v0x626a09eab2c0_11, v0x626a09eab2c0_12, v0x626a09eab2c0_13, v0x626a09eab2c0_14;
v0x626a09eab2c0_15 .array/port v0x626a09eab2c0, 15;
v0x626a09eab2c0_16 .array/port v0x626a09eab2c0, 16;
v0x626a09eab2c0_17 .array/port v0x626a09eab2c0, 17;
v0x626a09eab2c0_18 .array/port v0x626a09eab2c0, 18;
E_0x626a09eaa890/4 .event edge, v0x626a09eab2c0_15, v0x626a09eab2c0_16, v0x626a09eab2c0_17, v0x626a09eab2c0_18;
v0x626a09eab2c0_19 .array/port v0x626a09eab2c0, 19;
v0x626a09eab2c0_20 .array/port v0x626a09eab2c0, 20;
v0x626a09eab2c0_21 .array/port v0x626a09eab2c0, 21;
v0x626a09eab2c0_22 .array/port v0x626a09eab2c0, 22;
E_0x626a09eaa890/5 .event edge, v0x626a09eab2c0_19, v0x626a09eab2c0_20, v0x626a09eab2c0_21, v0x626a09eab2c0_22;
v0x626a09eab2c0_23 .array/port v0x626a09eab2c0, 23;
v0x626a09eab2c0_24 .array/port v0x626a09eab2c0, 24;
v0x626a09eab2c0_25 .array/port v0x626a09eab2c0, 25;
v0x626a09eab2c0_26 .array/port v0x626a09eab2c0, 26;
E_0x626a09eaa890/6 .event edge, v0x626a09eab2c0_23, v0x626a09eab2c0_24, v0x626a09eab2c0_25, v0x626a09eab2c0_26;
v0x626a09eab2c0_27 .array/port v0x626a09eab2c0, 27;
v0x626a09eab2c0_28 .array/port v0x626a09eab2c0, 28;
v0x626a09eab2c0_29 .array/port v0x626a09eab2c0, 29;
v0x626a09eab2c0_30 .array/port v0x626a09eab2c0, 30;
E_0x626a09eaa890/7 .event edge, v0x626a09eab2c0_27, v0x626a09eab2c0_28, v0x626a09eab2c0_29, v0x626a09eab2c0_30;
v0x626a09eab2c0_31 .array/port v0x626a09eab2c0, 31;
v0x626a09eab2c0_32 .array/port v0x626a09eab2c0, 32;
v0x626a09eab2c0_33 .array/port v0x626a09eab2c0, 33;
v0x626a09eab2c0_34 .array/port v0x626a09eab2c0, 34;
E_0x626a09eaa890/8 .event edge, v0x626a09eab2c0_31, v0x626a09eab2c0_32, v0x626a09eab2c0_33, v0x626a09eab2c0_34;
v0x626a09eab2c0_35 .array/port v0x626a09eab2c0, 35;
v0x626a09eab2c0_36 .array/port v0x626a09eab2c0, 36;
v0x626a09eab2c0_37 .array/port v0x626a09eab2c0, 37;
v0x626a09eab2c0_38 .array/port v0x626a09eab2c0, 38;
E_0x626a09eaa890/9 .event edge, v0x626a09eab2c0_35, v0x626a09eab2c0_36, v0x626a09eab2c0_37, v0x626a09eab2c0_38;
v0x626a09eab2c0_39 .array/port v0x626a09eab2c0, 39;
v0x626a09eab2c0_40 .array/port v0x626a09eab2c0, 40;
v0x626a09eab2c0_41 .array/port v0x626a09eab2c0, 41;
v0x626a09eab2c0_42 .array/port v0x626a09eab2c0, 42;
E_0x626a09eaa890/10 .event edge, v0x626a09eab2c0_39, v0x626a09eab2c0_40, v0x626a09eab2c0_41, v0x626a09eab2c0_42;
v0x626a09eab2c0_43 .array/port v0x626a09eab2c0, 43;
v0x626a09eab2c0_44 .array/port v0x626a09eab2c0, 44;
v0x626a09eab2c0_45 .array/port v0x626a09eab2c0, 45;
v0x626a09eab2c0_46 .array/port v0x626a09eab2c0, 46;
E_0x626a09eaa890/11 .event edge, v0x626a09eab2c0_43, v0x626a09eab2c0_44, v0x626a09eab2c0_45, v0x626a09eab2c0_46;
v0x626a09eab2c0_47 .array/port v0x626a09eab2c0, 47;
v0x626a09eab2c0_48 .array/port v0x626a09eab2c0, 48;
v0x626a09eab2c0_49 .array/port v0x626a09eab2c0, 49;
v0x626a09eab2c0_50 .array/port v0x626a09eab2c0, 50;
E_0x626a09eaa890/12 .event edge, v0x626a09eab2c0_47, v0x626a09eab2c0_48, v0x626a09eab2c0_49, v0x626a09eab2c0_50;
v0x626a09eab2c0_51 .array/port v0x626a09eab2c0, 51;
v0x626a09eab2c0_52 .array/port v0x626a09eab2c0, 52;
v0x626a09eab2c0_53 .array/port v0x626a09eab2c0, 53;
v0x626a09eab2c0_54 .array/port v0x626a09eab2c0, 54;
E_0x626a09eaa890/13 .event edge, v0x626a09eab2c0_51, v0x626a09eab2c0_52, v0x626a09eab2c0_53, v0x626a09eab2c0_54;
v0x626a09eab2c0_55 .array/port v0x626a09eab2c0, 55;
v0x626a09eab2c0_56 .array/port v0x626a09eab2c0, 56;
v0x626a09eab2c0_57 .array/port v0x626a09eab2c0, 57;
v0x626a09eab2c0_58 .array/port v0x626a09eab2c0, 58;
E_0x626a09eaa890/14 .event edge, v0x626a09eab2c0_55, v0x626a09eab2c0_56, v0x626a09eab2c0_57, v0x626a09eab2c0_58;
v0x626a09eab2c0_59 .array/port v0x626a09eab2c0, 59;
v0x626a09eab2c0_60 .array/port v0x626a09eab2c0, 60;
v0x626a09eab2c0_61 .array/port v0x626a09eab2c0, 61;
v0x626a09eab2c0_62 .array/port v0x626a09eab2c0, 62;
E_0x626a09eaa890/15 .event edge, v0x626a09eab2c0_59, v0x626a09eab2c0_60, v0x626a09eab2c0_61, v0x626a09eab2c0_62;
v0x626a09eab2c0_63 .array/port v0x626a09eab2c0, 63;
v0x626a09eab2c0_64 .array/port v0x626a09eab2c0, 64;
v0x626a09eab2c0_65 .array/port v0x626a09eab2c0, 65;
v0x626a09eab2c0_66 .array/port v0x626a09eab2c0, 66;
E_0x626a09eaa890/16 .event edge, v0x626a09eab2c0_63, v0x626a09eab2c0_64, v0x626a09eab2c0_65, v0x626a09eab2c0_66;
v0x626a09eab2c0_67 .array/port v0x626a09eab2c0, 67;
v0x626a09eab2c0_68 .array/port v0x626a09eab2c0, 68;
v0x626a09eab2c0_69 .array/port v0x626a09eab2c0, 69;
v0x626a09eab2c0_70 .array/port v0x626a09eab2c0, 70;
E_0x626a09eaa890/17 .event edge, v0x626a09eab2c0_67, v0x626a09eab2c0_68, v0x626a09eab2c0_69, v0x626a09eab2c0_70;
v0x626a09eab2c0_71 .array/port v0x626a09eab2c0, 71;
v0x626a09eab2c0_72 .array/port v0x626a09eab2c0, 72;
v0x626a09eab2c0_73 .array/port v0x626a09eab2c0, 73;
v0x626a09eab2c0_74 .array/port v0x626a09eab2c0, 74;
E_0x626a09eaa890/18 .event edge, v0x626a09eab2c0_71, v0x626a09eab2c0_72, v0x626a09eab2c0_73, v0x626a09eab2c0_74;
v0x626a09eab2c0_75 .array/port v0x626a09eab2c0, 75;
v0x626a09eab2c0_76 .array/port v0x626a09eab2c0, 76;
v0x626a09eab2c0_77 .array/port v0x626a09eab2c0, 77;
v0x626a09eab2c0_78 .array/port v0x626a09eab2c0, 78;
E_0x626a09eaa890/19 .event edge, v0x626a09eab2c0_75, v0x626a09eab2c0_76, v0x626a09eab2c0_77, v0x626a09eab2c0_78;
v0x626a09eab2c0_79 .array/port v0x626a09eab2c0, 79;
v0x626a09eab2c0_80 .array/port v0x626a09eab2c0, 80;
v0x626a09eab2c0_81 .array/port v0x626a09eab2c0, 81;
v0x626a09eab2c0_82 .array/port v0x626a09eab2c0, 82;
E_0x626a09eaa890/20 .event edge, v0x626a09eab2c0_79, v0x626a09eab2c0_80, v0x626a09eab2c0_81, v0x626a09eab2c0_82;
v0x626a09eab2c0_83 .array/port v0x626a09eab2c0, 83;
v0x626a09eab2c0_84 .array/port v0x626a09eab2c0, 84;
v0x626a09eab2c0_85 .array/port v0x626a09eab2c0, 85;
v0x626a09eab2c0_86 .array/port v0x626a09eab2c0, 86;
E_0x626a09eaa890/21 .event edge, v0x626a09eab2c0_83, v0x626a09eab2c0_84, v0x626a09eab2c0_85, v0x626a09eab2c0_86;
v0x626a09eab2c0_87 .array/port v0x626a09eab2c0, 87;
v0x626a09eab2c0_88 .array/port v0x626a09eab2c0, 88;
v0x626a09eab2c0_89 .array/port v0x626a09eab2c0, 89;
v0x626a09eab2c0_90 .array/port v0x626a09eab2c0, 90;
E_0x626a09eaa890/22 .event edge, v0x626a09eab2c0_87, v0x626a09eab2c0_88, v0x626a09eab2c0_89, v0x626a09eab2c0_90;
v0x626a09eab2c0_91 .array/port v0x626a09eab2c0, 91;
v0x626a09eab2c0_92 .array/port v0x626a09eab2c0, 92;
v0x626a09eab2c0_93 .array/port v0x626a09eab2c0, 93;
v0x626a09eab2c0_94 .array/port v0x626a09eab2c0, 94;
E_0x626a09eaa890/23 .event edge, v0x626a09eab2c0_91, v0x626a09eab2c0_92, v0x626a09eab2c0_93, v0x626a09eab2c0_94;
v0x626a09eab2c0_95 .array/port v0x626a09eab2c0, 95;
v0x626a09eab2c0_96 .array/port v0x626a09eab2c0, 96;
v0x626a09eab2c0_97 .array/port v0x626a09eab2c0, 97;
v0x626a09eab2c0_98 .array/port v0x626a09eab2c0, 98;
E_0x626a09eaa890/24 .event edge, v0x626a09eab2c0_95, v0x626a09eab2c0_96, v0x626a09eab2c0_97, v0x626a09eab2c0_98;
v0x626a09eab2c0_99 .array/port v0x626a09eab2c0, 99;
v0x626a09eab2c0_100 .array/port v0x626a09eab2c0, 100;
v0x626a09eab2c0_101 .array/port v0x626a09eab2c0, 101;
v0x626a09eab2c0_102 .array/port v0x626a09eab2c0, 102;
E_0x626a09eaa890/25 .event edge, v0x626a09eab2c0_99, v0x626a09eab2c0_100, v0x626a09eab2c0_101, v0x626a09eab2c0_102;
v0x626a09eab2c0_103 .array/port v0x626a09eab2c0, 103;
v0x626a09eab2c0_104 .array/port v0x626a09eab2c0, 104;
v0x626a09eab2c0_105 .array/port v0x626a09eab2c0, 105;
v0x626a09eab2c0_106 .array/port v0x626a09eab2c0, 106;
E_0x626a09eaa890/26 .event edge, v0x626a09eab2c0_103, v0x626a09eab2c0_104, v0x626a09eab2c0_105, v0x626a09eab2c0_106;
v0x626a09eab2c0_107 .array/port v0x626a09eab2c0, 107;
v0x626a09eab2c0_108 .array/port v0x626a09eab2c0, 108;
v0x626a09eab2c0_109 .array/port v0x626a09eab2c0, 109;
v0x626a09eab2c0_110 .array/port v0x626a09eab2c0, 110;
E_0x626a09eaa890/27 .event edge, v0x626a09eab2c0_107, v0x626a09eab2c0_108, v0x626a09eab2c0_109, v0x626a09eab2c0_110;
v0x626a09eab2c0_111 .array/port v0x626a09eab2c0, 111;
v0x626a09eab2c0_112 .array/port v0x626a09eab2c0, 112;
v0x626a09eab2c0_113 .array/port v0x626a09eab2c0, 113;
v0x626a09eab2c0_114 .array/port v0x626a09eab2c0, 114;
E_0x626a09eaa890/28 .event edge, v0x626a09eab2c0_111, v0x626a09eab2c0_112, v0x626a09eab2c0_113, v0x626a09eab2c0_114;
v0x626a09eab2c0_115 .array/port v0x626a09eab2c0, 115;
v0x626a09eab2c0_116 .array/port v0x626a09eab2c0, 116;
v0x626a09eab2c0_117 .array/port v0x626a09eab2c0, 117;
v0x626a09eab2c0_118 .array/port v0x626a09eab2c0, 118;
E_0x626a09eaa890/29 .event edge, v0x626a09eab2c0_115, v0x626a09eab2c0_116, v0x626a09eab2c0_117, v0x626a09eab2c0_118;
v0x626a09eab2c0_119 .array/port v0x626a09eab2c0, 119;
v0x626a09eab2c0_120 .array/port v0x626a09eab2c0, 120;
v0x626a09eab2c0_121 .array/port v0x626a09eab2c0, 121;
v0x626a09eab2c0_122 .array/port v0x626a09eab2c0, 122;
E_0x626a09eaa890/30 .event edge, v0x626a09eab2c0_119, v0x626a09eab2c0_120, v0x626a09eab2c0_121, v0x626a09eab2c0_122;
v0x626a09eab2c0_123 .array/port v0x626a09eab2c0, 123;
v0x626a09eab2c0_124 .array/port v0x626a09eab2c0, 124;
v0x626a09eab2c0_125 .array/port v0x626a09eab2c0, 125;
v0x626a09eab2c0_126 .array/port v0x626a09eab2c0, 126;
E_0x626a09eaa890/31 .event edge, v0x626a09eab2c0_123, v0x626a09eab2c0_124, v0x626a09eab2c0_125, v0x626a09eab2c0_126;
v0x626a09eab2c0_127 .array/port v0x626a09eab2c0, 127;
v0x626a09eab2c0_128 .array/port v0x626a09eab2c0, 128;
v0x626a09eab2c0_129 .array/port v0x626a09eab2c0, 129;
v0x626a09eab2c0_130 .array/port v0x626a09eab2c0, 130;
E_0x626a09eaa890/32 .event edge, v0x626a09eab2c0_127, v0x626a09eab2c0_128, v0x626a09eab2c0_129, v0x626a09eab2c0_130;
v0x626a09eab2c0_131 .array/port v0x626a09eab2c0, 131;
v0x626a09eab2c0_132 .array/port v0x626a09eab2c0, 132;
v0x626a09eab2c0_133 .array/port v0x626a09eab2c0, 133;
v0x626a09eab2c0_134 .array/port v0x626a09eab2c0, 134;
E_0x626a09eaa890/33 .event edge, v0x626a09eab2c0_131, v0x626a09eab2c0_132, v0x626a09eab2c0_133, v0x626a09eab2c0_134;
v0x626a09eab2c0_135 .array/port v0x626a09eab2c0, 135;
v0x626a09eab2c0_136 .array/port v0x626a09eab2c0, 136;
v0x626a09eab2c0_137 .array/port v0x626a09eab2c0, 137;
v0x626a09eab2c0_138 .array/port v0x626a09eab2c0, 138;
E_0x626a09eaa890/34 .event edge, v0x626a09eab2c0_135, v0x626a09eab2c0_136, v0x626a09eab2c0_137, v0x626a09eab2c0_138;
v0x626a09eab2c0_139 .array/port v0x626a09eab2c0, 139;
v0x626a09eab2c0_140 .array/port v0x626a09eab2c0, 140;
v0x626a09eab2c0_141 .array/port v0x626a09eab2c0, 141;
v0x626a09eab2c0_142 .array/port v0x626a09eab2c0, 142;
E_0x626a09eaa890/35 .event edge, v0x626a09eab2c0_139, v0x626a09eab2c0_140, v0x626a09eab2c0_141, v0x626a09eab2c0_142;
v0x626a09eab2c0_143 .array/port v0x626a09eab2c0, 143;
v0x626a09eab2c0_144 .array/port v0x626a09eab2c0, 144;
v0x626a09eab2c0_145 .array/port v0x626a09eab2c0, 145;
v0x626a09eab2c0_146 .array/port v0x626a09eab2c0, 146;
E_0x626a09eaa890/36 .event edge, v0x626a09eab2c0_143, v0x626a09eab2c0_144, v0x626a09eab2c0_145, v0x626a09eab2c0_146;
v0x626a09eab2c0_147 .array/port v0x626a09eab2c0, 147;
v0x626a09eab2c0_148 .array/port v0x626a09eab2c0, 148;
v0x626a09eab2c0_149 .array/port v0x626a09eab2c0, 149;
v0x626a09eab2c0_150 .array/port v0x626a09eab2c0, 150;
E_0x626a09eaa890/37 .event edge, v0x626a09eab2c0_147, v0x626a09eab2c0_148, v0x626a09eab2c0_149, v0x626a09eab2c0_150;
v0x626a09eab2c0_151 .array/port v0x626a09eab2c0, 151;
v0x626a09eab2c0_152 .array/port v0x626a09eab2c0, 152;
v0x626a09eab2c0_153 .array/port v0x626a09eab2c0, 153;
v0x626a09eab2c0_154 .array/port v0x626a09eab2c0, 154;
E_0x626a09eaa890/38 .event edge, v0x626a09eab2c0_151, v0x626a09eab2c0_152, v0x626a09eab2c0_153, v0x626a09eab2c0_154;
v0x626a09eab2c0_155 .array/port v0x626a09eab2c0, 155;
v0x626a09eab2c0_156 .array/port v0x626a09eab2c0, 156;
v0x626a09eab2c0_157 .array/port v0x626a09eab2c0, 157;
v0x626a09eab2c0_158 .array/port v0x626a09eab2c0, 158;
E_0x626a09eaa890/39 .event edge, v0x626a09eab2c0_155, v0x626a09eab2c0_156, v0x626a09eab2c0_157, v0x626a09eab2c0_158;
v0x626a09eab2c0_159 .array/port v0x626a09eab2c0, 159;
v0x626a09eab2c0_160 .array/port v0x626a09eab2c0, 160;
v0x626a09eab2c0_161 .array/port v0x626a09eab2c0, 161;
v0x626a09eab2c0_162 .array/port v0x626a09eab2c0, 162;
E_0x626a09eaa890/40 .event edge, v0x626a09eab2c0_159, v0x626a09eab2c0_160, v0x626a09eab2c0_161, v0x626a09eab2c0_162;
v0x626a09eab2c0_163 .array/port v0x626a09eab2c0, 163;
v0x626a09eab2c0_164 .array/port v0x626a09eab2c0, 164;
v0x626a09eab2c0_165 .array/port v0x626a09eab2c0, 165;
v0x626a09eab2c0_166 .array/port v0x626a09eab2c0, 166;
E_0x626a09eaa890/41 .event edge, v0x626a09eab2c0_163, v0x626a09eab2c0_164, v0x626a09eab2c0_165, v0x626a09eab2c0_166;
v0x626a09eab2c0_167 .array/port v0x626a09eab2c0, 167;
v0x626a09eab2c0_168 .array/port v0x626a09eab2c0, 168;
v0x626a09eab2c0_169 .array/port v0x626a09eab2c0, 169;
v0x626a09eab2c0_170 .array/port v0x626a09eab2c0, 170;
E_0x626a09eaa890/42 .event edge, v0x626a09eab2c0_167, v0x626a09eab2c0_168, v0x626a09eab2c0_169, v0x626a09eab2c0_170;
v0x626a09eab2c0_171 .array/port v0x626a09eab2c0, 171;
v0x626a09eab2c0_172 .array/port v0x626a09eab2c0, 172;
v0x626a09eab2c0_173 .array/port v0x626a09eab2c0, 173;
v0x626a09eab2c0_174 .array/port v0x626a09eab2c0, 174;
E_0x626a09eaa890/43 .event edge, v0x626a09eab2c0_171, v0x626a09eab2c0_172, v0x626a09eab2c0_173, v0x626a09eab2c0_174;
v0x626a09eab2c0_175 .array/port v0x626a09eab2c0, 175;
v0x626a09eab2c0_176 .array/port v0x626a09eab2c0, 176;
v0x626a09eab2c0_177 .array/port v0x626a09eab2c0, 177;
v0x626a09eab2c0_178 .array/port v0x626a09eab2c0, 178;
E_0x626a09eaa890/44 .event edge, v0x626a09eab2c0_175, v0x626a09eab2c0_176, v0x626a09eab2c0_177, v0x626a09eab2c0_178;
v0x626a09eab2c0_179 .array/port v0x626a09eab2c0, 179;
v0x626a09eab2c0_180 .array/port v0x626a09eab2c0, 180;
v0x626a09eab2c0_181 .array/port v0x626a09eab2c0, 181;
v0x626a09eab2c0_182 .array/port v0x626a09eab2c0, 182;
E_0x626a09eaa890/45 .event edge, v0x626a09eab2c0_179, v0x626a09eab2c0_180, v0x626a09eab2c0_181, v0x626a09eab2c0_182;
v0x626a09eab2c0_183 .array/port v0x626a09eab2c0, 183;
v0x626a09eab2c0_184 .array/port v0x626a09eab2c0, 184;
v0x626a09eab2c0_185 .array/port v0x626a09eab2c0, 185;
v0x626a09eab2c0_186 .array/port v0x626a09eab2c0, 186;
E_0x626a09eaa890/46 .event edge, v0x626a09eab2c0_183, v0x626a09eab2c0_184, v0x626a09eab2c0_185, v0x626a09eab2c0_186;
v0x626a09eab2c0_187 .array/port v0x626a09eab2c0, 187;
v0x626a09eab2c0_188 .array/port v0x626a09eab2c0, 188;
v0x626a09eab2c0_189 .array/port v0x626a09eab2c0, 189;
v0x626a09eab2c0_190 .array/port v0x626a09eab2c0, 190;
E_0x626a09eaa890/47 .event edge, v0x626a09eab2c0_187, v0x626a09eab2c0_188, v0x626a09eab2c0_189, v0x626a09eab2c0_190;
v0x626a09eab2c0_191 .array/port v0x626a09eab2c0, 191;
v0x626a09eab2c0_192 .array/port v0x626a09eab2c0, 192;
v0x626a09eab2c0_193 .array/port v0x626a09eab2c0, 193;
v0x626a09eab2c0_194 .array/port v0x626a09eab2c0, 194;
E_0x626a09eaa890/48 .event edge, v0x626a09eab2c0_191, v0x626a09eab2c0_192, v0x626a09eab2c0_193, v0x626a09eab2c0_194;
v0x626a09eab2c0_195 .array/port v0x626a09eab2c0, 195;
v0x626a09eab2c0_196 .array/port v0x626a09eab2c0, 196;
v0x626a09eab2c0_197 .array/port v0x626a09eab2c0, 197;
v0x626a09eab2c0_198 .array/port v0x626a09eab2c0, 198;
E_0x626a09eaa890/49 .event edge, v0x626a09eab2c0_195, v0x626a09eab2c0_196, v0x626a09eab2c0_197, v0x626a09eab2c0_198;
v0x626a09eab2c0_199 .array/port v0x626a09eab2c0, 199;
v0x626a09eab2c0_200 .array/port v0x626a09eab2c0, 200;
v0x626a09eab2c0_201 .array/port v0x626a09eab2c0, 201;
v0x626a09eab2c0_202 .array/port v0x626a09eab2c0, 202;
E_0x626a09eaa890/50 .event edge, v0x626a09eab2c0_199, v0x626a09eab2c0_200, v0x626a09eab2c0_201, v0x626a09eab2c0_202;
v0x626a09eab2c0_203 .array/port v0x626a09eab2c0, 203;
v0x626a09eab2c0_204 .array/port v0x626a09eab2c0, 204;
v0x626a09eab2c0_205 .array/port v0x626a09eab2c0, 205;
v0x626a09eab2c0_206 .array/port v0x626a09eab2c0, 206;
E_0x626a09eaa890/51 .event edge, v0x626a09eab2c0_203, v0x626a09eab2c0_204, v0x626a09eab2c0_205, v0x626a09eab2c0_206;
v0x626a09eab2c0_207 .array/port v0x626a09eab2c0, 207;
v0x626a09eab2c0_208 .array/port v0x626a09eab2c0, 208;
v0x626a09eab2c0_209 .array/port v0x626a09eab2c0, 209;
v0x626a09eab2c0_210 .array/port v0x626a09eab2c0, 210;
E_0x626a09eaa890/52 .event edge, v0x626a09eab2c0_207, v0x626a09eab2c0_208, v0x626a09eab2c0_209, v0x626a09eab2c0_210;
v0x626a09eab2c0_211 .array/port v0x626a09eab2c0, 211;
v0x626a09eab2c0_212 .array/port v0x626a09eab2c0, 212;
v0x626a09eab2c0_213 .array/port v0x626a09eab2c0, 213;
v0x626a09eab2c0_214 .array/port v0x626a09eab2c0, 214;
E_0x626a09eaa890/53 .event edge, v0x626a09eab2c0_211, v0x626a09eab2c0_212, v0x626a09eab2c0_213, v0x626a09eab2c0_214;
v0x626a09eab2c0_215 .array/port v0x626a09eab2c0, 215;
v0x626a09eab2c0_216 .array/port v0x626a09eab2c0, 216;
v0x626a09eab2c0_217 .array/port v0x626a09eab2c0, 217;
v0x626a09eab2c0_218 .array/port v0x626a09eab2c0, 218;
E_0x626a09eaa890/54 .event edge, v0x626a09eab2c0_215, v0x626a09eab2c0_216, v0x626a09eab2c0_217, v0x626a09eab2c0_218;
v0x626a09eab2c0_219 .array/port v0x626a09eab2c0, 219;
v0x626a09eab2c0_220 .array/port v0x626a09eab2c0, 220;
v0x626a09eab2c0_221 .array/port v0x626a09eab2c0, 221;
v0x626a09eab2c0_222 .array/port v0x626a09eab2c0, 222;
E_0x626a09eaa890/55 .event edge, v0x626a09eab2c0_219, v0x626a09eab2c0_220, v0x626a09eab2c0_221, v0x626a09eab2c0_222;
v0x626a09eab2c0_223 .array/port v0x626a09eab2c0, 223;
v0x626a09eab2c0_224 .array/port v0x626a09eab2c0, 224;
v0x626a09eab2c0_225 .array/port v0x626a09eab2c0, 225;
v0x626a09eab2c0_226 .array/port v0x626a09eab2c0, 226;
E_0x626a09eaa890/56 .event edge, v0x626a09eab2c0_223, v0x626a09eab2c0_224, v0x626a09eab2c0_225, v0x626a09eab2c0_226;
v0x626a09eab2c0_227 .array/port v0x626a09eab2c0, 227;
v0x626a09eab2c0_228 .array/port v0x626a09eab2c0, 228;
v0x626a09eab2c0_229 .array/port v0x626a09eab2c0, 229;
v0x626a09eab2c0_230 .array/port v0x626a09eab2c0, 230;
E_0x626a09eaa890/57 .event edge, v0x626a09eab2c0_227, v0x626a09eab2c0_228, v0x626a09eab2c0_229, v0x626a09eab2c0_230;
v0x626a09eab2c0_231 .array/port v0x626a09eab2c0, 231;
v0x626a09eab2c0_232 .array/port v0x626a09eab2c0, 232;
v0x626a09eab2c0_233 .array/port v0x626a09eab2c0, 233;
v0x626a09eab2c0_234 .array/port v0x626a09eab2c0, 234;
E_0x626a09eaa890/58 .event edge, v0x626a09eab2c0_231, v0x626a09eab2c0_232, v0x626a09eab2c0_233, v0x626a09eab2c0_234;
v0x626a09eab2c0_235 .array/port v0x626a09eab2c0, 235;
v0x626a09eab2c0_236 .array/port v0x626a09eab2c0, 236;
v0x626a09eab2c0_237 .array/port v0x626a09eab2c0, 237;
v0x626a09eab2c0_238 .array/port v0x626a09eab2c0, 238;
E_0x626a09eaa890/59 .event edge, v0x626a09eab2c0_235, v0x626a09eab2c0_236, v0x626a09eab2c0_237, v0x626a09eab2c0_238;
v0x626a09eab2c0_239 .array/port v0x626a09eab2c0, 239;
v0x626a09eab2c0_240 .array/port v0x626a09eab2c0, 240;
v0x626a09eab2c0_241 .array/port v0x626a09eab2c0, 241;
v0x626a09eab2c0_242 .array/port v0x626a09eab2c0, 242;
E_0x626a09eaa890/60 .event edge, v0x626a09eab2c0_239, v0x626a09eab2c0_240, v0x626a09eab2c0_241, v0x626a09eab2c0_242;
v0x626a09eab2c0_243 .array/port v0x626a09eab2c0, 243;
v0x626a09eab2c0_244 .array/port v0x626a09eab2c0, 244;
v0x626a09eab2c0_245 .array/port v0x626a09eab2c0, 245;
v0x626a09eab2c0_246 .array/port v0x626a09eab2c0, 246;
E_0x626a09eaa890/61 .event edge, v0x626a09eab2c0_243, v0x626a09eab2c0_244, v0x626a09eab2c0_245, v0x626a09eab2c0_246;
v0x626a09eab2c0_247 .array/port v0x626a09eab2c0, 247;
v0x626a09eab2c0_248 .array/port v0x626a09eab2c0, 248;
v0x626a09eab2c0_249 .array/port v0x626a09eab2c0, 249;
v0x626a09eab2c0_250 .array/port v0x626a09eab2c0, 250;
E_0x626a09eaa890/62 .event edge, v0x626a09eab2c0_247, v0x626a09eab2c0_248, v0x626a09eab2c0_249, v0x626a09eab2c0_250;
v0x626a09eab2c0_251 .array/port v0x626a09eab2c0, 251;
v0x626a09eab2c0_252 .array/port v0x626a09eab2c0, 252;
v0x626a09eab2c0_253 .array/port v0x626a09eab2c0, 253;
v0x626a09eab2c0_254 .array/port v0x626a09eab2c0, 254;
E_0x626a09eaa890/63 .event edge, v0x626a09eab2c0_251, v0x626a09eab2c0_252, v0x626a09eab2c0_253, v0x626a09eab2c0_254;
v0x626a09eab2c0_255 .array/port v0x626a09eab2c0, 255;
E_0x626a09eaa890/64 .event edge, v0x626a09eab2c0_255;
E_0x626a09eaa890 .event/or E_0x626a09eaa890/0, E_0x626a09eaa890/1, E_0x626a09eaa890/2, E_0x626a09eaa890/3, E_0x626a09eaa890/4, E_0x626a09eaa890/5, E_0x626a09eaa890/6, E_0x626a09eaa890/7, E_0x626a09eaa890/8, E_0x626a09eaa890/9, E_0x626a09eaa890/10, E_0x626a09eaa890/11, E_0x626a09eaa890/12, E_0x626a09eaa890/13, E_0x626a09eaa890/14, E_0x626a09eaa890/15, E_0x626a09eaa890/16, E_0x626a09eaa890/17, E_0x626a09eaa890/18, E_0x626a09eaa890/19, E_0x626a09eaa890/20, E_0x626a09eaa890/21, E_0x626a09eaa890/22, E_0x626a09eaa890/23, E_0x626a09eaa890/24, E_0x626a09eaa890/25, E_0x626a09eaa890/26, E_0x626a09eaa890/27, E_0x626a09eaa890/28, E_0x626a09eaa890/29, E_0x626a09eaa890/30, E_0x626a09eaa890/31, E_0x626a09eaa890/32, E_0x626a09eaa890/33, E_0x626a09eaa890/34, E_0x626a09eaa890/35, E_0x626a09eaa890/36, E_0x626a09eaa890/37, E_0x626a09eaa890/38, E_0x626a09eaa890/39, E_0x626a09eaa890/40, E_0x626a09eaa890/41, E_0x626a09eaa890/42, E_0x626a09eaa890/43, E_0x626a09eaa890/44, E_0x626a09eaa890/45, E_0x626a09eaa890/46, E_0x626a09eaa890/47, E_0x626a09eaa890/48, E_0x626a09eaa890/49, E_0x626a09eaa890/50, E_0x626a09eaa890/51, E_0x626a09eaa890/52, E_0x626a09eaa890/53, E_0x626a09eaa890/54, E_0x626a09eaa890/55, E_0x626a09eaa890/56, E_0x626a09eaa890/57, E_0x626a09eaa890/58, E_0x626a09eaa890/59, E_0x626a09eaa890/60, E_0x626a09eaa890/61, E_0x626a09eaa890/62, E_0x626a09eaa890/63, E_0x626a09eaa890/64;
S_0x626a09eadbb0 .scope module, "PC_Reg" "Program_Counter" 3 12, 9 1 0, S_0x626a09e8bef0;
 .timescale 0 0;
    .port_info 0 /INPUT 1 "clk";
    .port_info 1 /INPUT 1 "reset";
    .port_info 2 /INPUT 32 "pc_next";
    .port_info 3 /OUTPUT 32 "pc";
v0x626a09eade20_0 .net "clk", 0 0, v0x626a09eb0b80_0;  alias, 1 drivers
v0x626a09eadf10_0 .var "pc", 31 0;
v0x626a09eadfe0_0 .net "pc_next", 31 0, L_0x626a09ec3d00;  alias, 1 drivers
v0x626a09eae0b0_0 .net "reset", 0 0, v0x626a09eb0c20_0;  alias, 1 drivers
E_0x626a09eaddc0 .event posedge, v0x626a09eae0b0_0, v0x626a09ea8720_0;
S_0x626a09eae220 .scope module, "RF" "Banco_de_Registradores" 3 40, 10 1 0, S_0x626a09e8bef0;
 .timescale 0 0;
    .port_info 0 /INPUT 1 "clk";
    .port_info 1 /INPUT 1 "reset";
    .port_info 2 /INPUT 1 "RegWrite";
    .port_info 3 /INPUT 5 "rs1";
    .port_info 4 /INPUT 5 "rs2";
    .port_info 5 /INPUT 5 "rd";
    .port_info 6 /INPUT 32 "Write_Data";
    .port_info 7 /OUTPUT 32 "Register1";
    .port_info 8 /OUTPUT 32 "Register2";
L_0x626a09e7fcc0 .functor BUFZ 32, L_0x626a09eb1020, C4<00000000000000000000000000000000>, C4<00000000000000000000000000000000>, C4<00000000000000000000000000000000>;
L_0x626a09eb1480 .functor BUFZ 32, L_0x626a09eb1240, C4<00000000000000000000000000000000>, C4<00000000000000000000000000000000>, C4<00000000000000000000000000000000>;
v0x626a09eae530_0 .net "RegWrite", 0 0, v0x626a09ea78a0_0;  alias, 1 drivers
v0x626a09eae5f0_0 .net "Register1", 31 0, L_0x626a09e7fcc0;  alias, 1 drivers
v0x626a09eae6c0_0 .net "Register2", 31 0, L_0x626a09eb1480;  alias, 1 drivers
v0x626a09eae7c0_0 .net "Write_Data", 31 0, L_0x626a09eb1940;  1 drivers
v0x626a09eae860_0 .net *"_ivl_0", 31 0, L_0x626a09eb1020;  1 drivers
v0x626a09eae990_0 .net *"_ivl_10", 6 0, L_0x626a09eb12e0;  1 drivers
L_0x755362e6f060 .functor BUFT 1, C4<00>, C4<0>, C4<0>, C4<0>;
v0x626a09eaea70_0 .net *"_ivl_13", 1 0, L_0x755362e6f060;  1 drivers
v0x626a09eaeb50_0 .net *"_ivl_2", 6 0, L_0x626a09eb1120;  1 drivers
L_0x755362e6f018 .functor BUFT 1, C4<00>, C4<0>, C4<0>, C4<0>;
v0x626a09eaec30_0 .net *"_ivl_5", 1 0, L_0x755362e6f018;  1 drivers
v0x626a09eaed10_0 .net *"_ivl_8", 31 0, L_0x626a09eb1240;  1 drivers
v0x626a09eaedf0_0 .net "clk", 0 0, v0x626a09eb0b80_0;  alias, 1 drivers
v0x626a09eaee90_0 .var/i "i", 31 0;
v0x626a09eaef70_0 .net "rd", 4 0, L_0x626a09eb1750;  1 drivers
v0x626a09eaf050 .array "reg_vetor", 0 31, 31 0;
v0x626a09eaf110_0 .net "reset", 0 0, v0x626a09eb0c20_0;  alias, 1 drivers
v0x626a09eaf1b0_0 .net "rs1", 4 0, L_0x626a09eb1540;  1 drivers
v0x626a09eaf270_0 .net "rs2", 4 0, L_0x626a09eb1660;  1 drivers
L_0x626a09eb1020 .array/port v0x626a09eaf050, L_0x626a09eb1120;
L_0x626a09eb1120 .concat [ 5 2 0 0], L_0x626a09eb1540, L_0x755362e6f018;
L_0x626a09eb1240 .array/port v0x626a09eaf050, L_0x626a09eb12e0;
L_0x626a09eb12e0 .concat [ 5 2 0 0], L_0x626a09eb1660, L_0x755362e6f060;
    .scope S_0x626a09eadbb0;
T_0 ;
    %wait E_0x626a09eaddc0;
    %load/vec4 v0x626a09eae0b0_0;
    %flag_set/vec4 8;
    %jmp/0xz  T_0.0, 8;
    %pushi/vec4 0, 0, 32;
    %assign/vec4 v0x626a09eadf10_0, 0;
    %jmp T_0.1;
T_0.0 ;
    %load/vec4 v0x626a09eadfe0_0;
    %assign/vec4 v0x626a09eadf10_0, 0;
T_0.1 ;
    %jmp T_0;
    .thread T_0;
    .scope S_0x626a09eaa670;
T_1 ;
    %pushi/vec4 11535251, 0, 32;
    %ix/load 4, 0, 0;
    %flag_set/imm 4, 0;
    %store/vec4a v0x626a09eab2c0, 4, 0;
    %pushi/vec4 1048707, 0, 32;
    %ix/load 4, 1, 0;
    %flag_set/imm 4, 0;
    %store/vec4a v0x626a09eab2c0, 4, 0;
    %pushi/vec4 2130211, 0, 32;
    %ix/load 4, 2, 0;
    %flag_set/imm 4, 0;
    %store/vec4a v0x626a09eab2c0, 4, 0;
    %pushi/vec4 1075872179, 0, 32;
    %ix/load 4, 3, 0;
    %flag_set/imm 4, 0;
    %store/vec4a v0x626a09eab2c0, 4, 0;
    %pushi/vec4 1143347, 0, 32;
    %ix/load 4, 4, 0;
    %flag_set/imm 4, 0;
    %store/vec4a v0x626a09eab2c0, 4, 0;
    %pushi/vec4 1106579, 0, 32;
    %ix/load 4, 5, 0;
    %flag_set/imm 4, 0;
    %store/vec4a v0x626a09eab2c0, 4, 0;
    %pushi/vec4 1135379, 0, 32;
    %ix/load 4, 6, 0;
    %flag_set/imm 4, 0;
    %store/vec4a v0x626a09eab2c0, 4, 0;
    %pushi/vec4 1114339, 0, 32;
    %ix/load 4, 7, 0;
    %flag_set/imm 4, 0;
    %store/vec4a v0x626a09eab2c0, 4, 0;
    %end;
    .thread T_1;
    .scope S_0x626a09eaa670;
T_2 ;
    %wait E_0x626a09eaa890;
    %load/vec4 v0x626a09eab100_0;
    %parti/s 8, 0, 2;
    %pad/u 10;
    %ix/vec4 4;
    %load/vec4a v0x626a09eab2c0, 4;
    %store/vec4 v0x626a09eab200_0, 0, 32;
    %jmp T_2;
    .thread T_2, $push;
    .scope S_0x626a09ea71e0;
T_3 ;
    %wait E_0x626a09e8b4a0;
    %pushi/vec4 0, 0, 3;
    %store/vec4 v0x626a09ea7590_0, 0, 3;
    %pushi/vec4 0, 0, 1;
    %store/vec4 v0x626a09ea7650_0, 0, 1;
    %pushi/vec4 0, 0, 1;
    %store/vec4 v0x626a09ea76f0_0, 0, 1;
    %pushi/vec4 0, 0, 1;
    %store/vec4 v0x626a09ea78a0_0, 0, 1;
    %pushi/vec4 0, 0, 1;
    %store/vec4 v0x626a09ea74b0_0, 0, 1;
    %pushi/vec4 0, 0, 1;
    %store/vec4 v0x626a09ea7790_0, 0, 1;
    %pushi/vec4 0, 0, 1;
    %store/vec4 v0x626a09ea7960_0, 0, 1;
    %load/vec4 v0x626a09ea7c70_0;
    %dup/vec4;
    %pushi/vec4 3, 0, 7;
    %cmp/u;
    %jmp/1 T_3.0, 6;
    %dup/vec4;
    %pushi/vec4 35, 0, 7;
    %cmp/u;
    %jmp/1 T_3.1, 6;
    %dup/vec4;
    %pushi/vec4 99, 0, 7;
    %cmp/u;
    %jmp/1 T_3.2, 6;
    %dup/vec4;
    %pushi/vec4 19, 0, 7;
    %cmp/u;
    %jmp/1 T_3.3, 6;
    %dup/vec4;
    %pushi/vec4 51, 0, 7;
    %cmp/u;
    %jmp/1 T_3.4, 6;
    %pushi/vec4 0, 0, 3;
    %store/vec4 v0x626a09ea7590_0, 0, 3;
    %pushi/vec4 0, 0, 1;
    %store/vec4 v0x626a09ea7650_0, 0, 1;
    %pushi/vec4 0, 0, 1;
    %store/vec4 v0x626a09ea76f0_0, 0, 1;
    %pushi/vec4 0, 0, 1;
    %store/vec4 v0x626a09ea78a0_0, 0, 1;
    %pushi/vec4 0, 0, 1;
    %store/vec4 v0x626a09ea74b0_0, 0, 1;
    %pushi/vec4 0, 0, 1;
    %store/vec4 v0x626a09ea7790_0, 0, 1;
    %pushi/vec4 0, 0, 1;
    %store/vec4 v0x626a09ea7960_0, 0, 1;
    %jmp T_3.6;
T_3.0 ;
    %pushi/vec4 2, 0, 3;
    %store/vec4 v0x626a09ea7590_0, 0, 3;
    %pushi/vec4 1, 0, 1;
    %store/vec4 v0x626a09ea7650_0, 0, 1;
    %pushi/vec4 0, 0, 1;
    %store/vec4 v0x626a09ea76f0_0, 0, 1;
    %pushi/vec4 1, 0, 1;
    %store/vec4 v0x626a09ea78a0_0, 0, 1;
    %pushi/vec4 1, 0, 1;
    %store/vec4 v0x626a09ea74b0_0, 0, 1;
    %pushi/vec4 1, 0, 1;
    %store/vec4 v0x626a09ea7790_0, 0, 1;
    %pushi/vec4 0, 0, 1;
    %store/vec4 v0x626a09ea7960_0, 0, 1;
    %jmp T_3.6;
T_3.1 ;
    %pushi/vec4 2, 0, 3;
    %store/vec4 v0x626a09ea7590_0, 0, 3;
    %pushi/vec4 0, 0, 1;
    %store/vec4 v0x626a09ea7650_0, 0, 1;
    %pushi/vec4 1, 0, 1;
    %store/vec4 v0x626a09ea76f0_0, 0, 1;
    %pushi/vec4 0, 0, 1;
    %store/vec4 v0x626a09ea78a0_0, 0, 1;
    %pushi/vec4 1, 0, 1;
    %store/vec4 v0x626a09ea74b0_0, 0, 1;
    %pushi/vec4 0, 0, 1;
    %store/vec4 v0x626a09ea7790_0, 0, 1;
    %pushi/vec4 0, 0, 1;
    %store/vec4 v0x626a09ea7960_0, 0, 1;
    %jmp T_3.6;
T_3.2 ;
    %pushi/vec4 3, 0, 3;
    %store/vec4 v0x626a09ea7590_0, 0, 3;
    %pushi/vec4 0, 0, 1;
    %store/vec4 v0x626a09ea7650_0, 0, 1;
    %pushi/vec4 0, 0, 1;
    %store/vec4 v0x626a09ea76f0_0, 0, 1;
    %pushi/vec4 0, 0, 1;
    %store/vec4 v0x626a09ea78a0_0, 0, 1;
    %pushi/vec4 0, 0, 1;
    %store/vec4 v0x626a09ea74b0_0, 0, 1;
    %pushi/vec4 0, 0, 1;
    %store/vec4 v0x626a09ea7790_0, 0, 1;
    %pushi/vec4 1, 0, 1;
    %store/vec4 v0x626a09ea7960_0, 0, 1;
    %jmp T_3.6;
T_3.3 ;
    %load/vec4 v0x626a09ea7a20_0;
    %dup/vec4;
    %pushi/vec4 0, 0, 3;
    %cmp/u;
    %jmp/1 T_3.7, 6;
    %dup/vec4;
    %pushi/vec4 6, 0, 3;
    %cmp/u;
    %jmp/1 T_3.8, 6;
    %dup/vec4;
    %pushi/vec4 5, 0, 3;
    %cmp/u;
    %jmp/1 T_3.9, 6;
    %pushi/vec4 0, 0, 3;
    %store/vec4 v0x626a09ea7590_0, 0, 3;
    %jmp T_3.11;
T_3.7 ;
    %pushi/vec4 2, 0, 3;
    %store/vec4 v0x626a09ea7590_0, 0, 3;
    %jmp T_3.11;
T_3.8 ;
    %pushi/vec4 1, 0, 3;
    %store/vec4 v0x626a09ea7590_0, 0, 3;
    %jmp T_3.11;
T_3.9 ;
    %pushi/vec4 4, 0, 3;
    %store/vec4 v0x626a09ea7590_0, 0, 3;
    %jmp T_3.11;
T_3.11 ;
    %pop/vec4 1;
    %pushi/vec4 0, 0, 1;
    %store/vec4 v0x626a09ea7650_0, 0, 1;
    %pushi/vec4 0, 0, 1;
    %store/vec4 v0x626a09ea76f0_0, 0, 1;
    %pushi/vec4 1, 0, 1;
    %store/vec4 v0x626a09ea78a0_0, 0, 1;
    %pushi/vec4 1, 0, 1;
    %store/vec4 v0x626a09ea74b0_0, 0, 1;
    %pushi/vec4 0, 0, 1;
    %store/vec4 v0x626a09ea7790_0, 0, 1;
    %pushi/vec4 0, 0, 1;
    %store/vec4 v0x626a09ea7960_0, 0, 1;
    %jmp T_3.6;
T_3.4 ;
    %load/vec4 v0x626a09ea7b00_0;
    %load/vec4 v0x626a09ea7a20_0;
    %concat/vec4; draw_concat_vec4
    %dup/vec4;
    %pushi/vec4 0, 0, 10;
    %cmp/u;
    %jmp/1 T_3.12, 6;
    %dup/vec4;
    %pushi/vec4 256, 0, 10;
    %cmp/u;
    %jmp/1 T_3.13, 6;
    %dup/vec4;
    %pushi/vec4 7, 0, 10;
    %cmp/u;
    %jmp/1 T_3.14, 6;
    %pushi/vec4 0, 0, 3;
    %store/vec4 v0x626a09ea7590_0, 0, 3;
    %jmp T_3.16;
T_3.12 ;
    %pushi/vec4 2, 0, 3;
    %store/vec4 v0x626a09ea7590_0, 0, 3;
    %jmp T_3.16;
T_3.13 ;
    %pushi/vec4 3, 0, 3;
    %store/vec4 v0x626a09ea7590_0, 0, 3;
    %jmp T_3.16;
T_3.14 ;
    %pushi/vec4 5, 0, 3;
    %store/vec4 v0x626a09ea7590_0, 0, 3;
    %jmp T_3.16;
T_3.16 ;
    %pop/vec4 1;
    %pushi/vec4 0, 0, 1;
    %store/vec4 v0x626a09ea7650_0, 0, 1;
    %pushi/vec4 0, 0, 1;
    %store/vec4 v0x626a09ea76f0_0, 0, 1;
    %pushi/vec4 1, 0, 1;
    %store/vec4 v0x626a09ea78a0_0, 0, 1;
    %pushi/vec4 0, 0, 1;
    %store/vec4 v0x626a09ea74b0_0, 0, 1;
    %pushi/vec4 0, 0, 1;
    %store/vec4 v0x626a09ea7790_0, 0, 1;
    %pushi/vec4 0, 0, 1;
    %store/vec4 v0x626a09ea7960_0, 0, 1;
    %jmp T_3.6;
T_3.6 ;
    %pop/vec4 1;
    %jmp T_3;
    .thread T_3, $push;
    .scope S_0x626a09eae220;
T_4 ;
    %wait E_0x626a09eaddc0;
    %load/vec4 v0x626a09eaf110_0;
    %flag_set/vec4 8;
    %jmp/0xz  T_4.0, 8;
    %pushi/vec4 0, 0, 32;
    %store/vec4 v0x626a09eaee90_0, 0, 32;
T_4.2 ;
    %load/vec4 v0x626a09eaee90_0;
    %cmpi/s 32, 0, 32;
    %jmp/0xz T_4.3, 5;
    %pushi/vec4 0, 0, 32;
    %ix/getv/s 3, v0x626a09eaee90_0;
    %ix/load 4, 0, 0; Constant delay
    %assign/vec4/a/d v0x626a09eaf050, 0, 4;
    %load/vec4 v0x626a09eaee90_0;
    %addi 1, 0, 32;
    %store/vec4 v0x626a09eaee90_0, 0, 32;
    %jmp T_4.2;
T_4.3 ;
    %jmp T_4.1;
T_4.0 ;
    %load/vec4 v0x626a09eae530_0;
    %flag_set/vec4 8;
    %jmp/0xz  T_4.4, 8;
    %load/vec4 v0x626a09eae7c0_0;
    %load/vec4 v0x626a09eaef70_0;
    %pad/u 7;
    %ix/vec4 3;
    %ix/load 4, 0, 0; Constant delay
    %assign/vec4/a/d v0x626a09eaf050, 0, 4;
T_4.4 ;
T_4.1 ;
    %jmp T_4;
    .thread T_4;
    .scope S_0x626a09ea9200;
T_5 ;
    %wait E_0x626a09ea9400;
    %load/vec4 v0x626a09ea9490_0;
    %parti/s 7, 0, 2;
    %dup/vec4;
    %pushi/vec4 3, 0, 7;
    %cmp/u;
    %jmp/1 T_5.0, 6;
    %dup/vec4;
    %pushi/vec4 35, 0, 7;
    %cmp/u;
    %jmp/1 T_5.1, 6;
    %dup/vec4;
    %pushi/vec4 99, 0, 7;
    %cmp/u;
    %jmp/1 T_5.2, 6;
    %dup/vec4;
    %pushi/vec4 19, 0, 7;
    %cmp/u;
    %jmp/1 T_5.3, 6;
    %pushi/vec4 0, 0, 32;
    %store/vec4 v0x626a09eaa290_0, 0, 32;
    %jmp T_5.5;
T_5.0 ;
    %load/vec4 v0x626a09eaa450_0;
    %store/vec4 v0x626a09eaa290_0, 0, 32;
    %jmp T_5.5;
T_5.1 ;
    %load/vec4 v0x626a09eaa530_0;
    %store/vec4 v0x626a09eaa290_0, 0, 32;
    %jmp T_5.5;
T_5.2 ;
    %load/vec4 v0x626a09eaa370_0;
    %store/vec4 v0x626a09eaa290_0, 0, 32;
    %jmp T_5.5;
T_5.3 ;
    %load/vec4 v0x626a09eaa450_0;
    %store/vec4 v0x626a09eaa290_0, 0, 32;
    %jmp T_5.5;
T_5.5 ;
    %pop/vec4 1;
    %jmp T_5;
    .thread T_5, $push;
    .scope S_0x626a09e4a410;
T_6 ;
    %wait E_0x626a09e8b460;
    %load/vec4 v0x626a09e5abd0_0;
    %dup/vec4;
    %pushi/vec4 0, 0, 3;
    %cmp/u;
    %jmp/1 T_6.0, 6;
    %dup/vec4;
    %pushi/vec4 1, 0, 3;
    %cmp/u;
    %jmp/1 T_6.1, 6;
    %dup/vec4;
    %pushi/vec4 2, 0, 3;
    %cmp/u;
    %jmp/1 T_6.2, 6;
    %dup/vec4;
    %pushi/vec4 3, 0, 3;
    %cmp/u;
    %jmp/1 T_6.3, 6;
    %dup/vec4;
    %pushi/vec4 4, 0, 3;
    %cmp/u;
    %jmp/1 T_6.4, 6;
    %pushi/vec4 0, 0, 32;
    %store/vec4 v0x626a09e5b4f0_0, 0, 32;
    %jmp T_6.6;
T_6.0 ;
    %load/vec4 v0x626a09e768d0_0;
    %load/vec4 v0x626a09e76970_0;
    %and;
    %store/vec4 v0x626a09e5b4f0_0, 0, 32;
    %jmp T_6.6;
T_6.1 ;
    %load/vec4 v0x626a09e768d0_0;
    %load/vec4 v0x626a09e76970_0;
    %or;
    %store/vec4 v0x626a09e5b4f0_0, 0, 32;
    %jmp T_6.6;
T_6.2 ;
    %load/vec4 v0x626a09e768d0_0;
    %load/vec4 v0x626a09e76970_0;
    %add;
    %store/vec4 v0x626a09e5b4f0_0, 0, 32;
    %jmp T_6.6;
T_6.3 ;
    %load/vec4 v0x626a09e768d0_0;
    %load/vec4 v0x626a09e76970_0;
    %sub;
    %store/vec4 v0x626a09e5b4f0_0, 0, 32;
    %jmp T_6.6;
T_6.4 ;
    %load/vec4 v0x626a09e768d0_0;
    %ix/getv 4, v0x626a09e76970_0;
    %shiftr 4;
    %store/vec4 v0x626a09e5b4f0_0, 0, 32;
    %jmp T_6.6;
T_6.6 ;
    %pop/vec4 1;
    %jmp T_6;
    .thread T_6, $push;
    .scope S_0x626a09ea7ef0;
T_7 ;
    %vpi_call 6 12 "$readmemb", "Memoria_Dados.bin", v0x626a09ea87e0 {0 0 0};
    %end;
    .thread T_7;
    .scope S_0x626a09ea7ef0;
T_8 ;
    %wait E_0x626a09e8b950;
    %load/vec4 v0x626a09ea8490_0;
    %flag_set/vec4 8;
    %jmp/0xz  T_8.0, 8;
    %load/vec4 v0x626a09ea8630_0;
    %load/vec4 v0x626a09ea8310_0;
    %parti/s 8, 0, 2;
    %ix/vec4 3;
    %ix/load 4, 0, 0; Constant delay
    %assign/vec4/a/d v0x626a09ea87e0, 0, 4;
T_8.0 ;
    %jmp T_8;
    .thread T_8;
    .scope S_0x626a09ea7ef0;
T_9 ;
    %wait E_0x626a09e8ab00;
    %load/vec4 v0x626a09ea83f0_0;
    %flag_set/vec4 8;
    %jmp/0xz  T_9.0, 8;
    %load/vec4 v0x626a09ea8310_0;
    %parti/s 8, 0, 2;
    %ix/vec4 4;
    %load/vec4a v0x626a09ea87e0, 4;
    %store/vec4 v0x626a09ea8590_0, 0, 32;
    %jmp T_9.1;
T_9.0 ;
    %pushi/vec4 0, 0, 32;
    %store/vec4 v0x626a09ea8590_0, 0, 32;
T_9.1 ;
    %jmp T_9;
    .thread T_9, $push;
    .scope S_0x626a09e80400;
T_10 ;
    %delay 5, 0;
    %load/vec4 v0x626a09eb0b80_0;
    %inv;
    %store/vec4 v0x626a09eb0b80_0, 0, 1;
    %jmp T_10;
    .thread T_10;
    .scope S_0x626a09e80400;
T_11 ;
    %pushi/vec4 0, 0, 1;
    %store/vec4 v0x626a09eb0b80_0, 0, 1;
    %pushi/vec4 0, 0, 1;
    %store/vec4 v0x626a09eb0c20_0, 0, 1;
    %vpi_call 2 27 "$dumpfile", "exec.vcd" {0 0 0};
    %vpi_call 2 28 "$dumpvars", 32'sb00000000000000000000000000000000, S_0x626a09e80400 {0 0 0};
    %pushi/vec4 1, 0, 1;
    %store/vec4 v0x626a09eb0c20_0, 0, 1;
    %delay 10, 0;
    %pushi/vec4 0, 0, 1;
    %store/vec4 v0x626a09eb0c20_0, 0, 1;
    %delay 200, 0;
    %vpi_call 2 38 "$display", "Teste completo." {0 0 0};
    %vpi_call 2 41 "$display", "==================INICIO===================" {0 0 0};
    %vpi_call 2 42 "$display", "Registrador[0]  %0d", &A<v0x626a09eaf050, 0> {0 0 0};
    %vpi_call 2 43 "$display", "Registrador[1]  %0d", &A<v0x626a09eaf050, 1> {0 0 0};
    %vpi_call 2 44 "$display", "Registrador[2]  %0d", &A<v0x626a09eaf050, 2> {0 0 0};
    %vpi_call 2 45 "$display", "Registrador[3]  %0d", &A<v0x626a09eaf050, 3> {0 0 0};
    %vpi_call 2 46 "$display", "Registrador[4]  %0d", &A<v0x626a09eaf050, 4> {0 0 0};
    %vpi_call 2 47 "$display", "Registrador[5]  %0d", &A<v0x626a09eaf050, 5> {0 0 0};
    %vpi_call 2 48 "$display", "Registrador[6]  %0d", &A<v0x626a09eaf050, 6> {0 0 0};
    %vpi_call 2 49 "$display", "Registrador[7]  %0d", &A<v0x626a09eaf050, 7> {0 0 0};
    %vpi_call 2 50 "$display", "Registrador[8]  %0d", &A<v0x626a09eaf050, 8> {0 0 0};
    %vpi_call 2 51 "$display", "Registrador[9]  %0d", &A<v0x626a09eaf050, 9> {0 0 0};
    %vpi_call 2 52 "$display", "Registrador[10] %0d", &A<v0x626a09eaf050, 10> {0 0 0};
    %vpi_call 2 53 "$display", "Registrador[11] %0d", &A<v0x626a09eaf050, 11> {0 0 0};
    %vpi_call 2 54 "$display", "Registrador[12] %0d", &A<v0x626a09eaf050, 12> {0 0 0};
    %vpi_call 2 55 "$display", "Registrador[13] %0d", &A<v0x626a09eaf050, 13> {0 0 0};
    %vpi_call 2 56 "$display", "Registrador[14] %0d", &A<v0x626a09eaf050, 14> {0 0 0};
    %vpi_call 2 57 "$display", "Registrador[15] %0d", &A<v0x626a09eaf050, 15> {0 0 0};
    %vpi_call 2 58 "$display", "Registrador[16] %0d", &A<v0x626a09eaf050, 16> {0 0 0};
    %vpi_call 2 59 "$display", "Registrador[17] %0d", &A<v0x626a09eaf050, 17> {0 0 0};
    %vpi_call 2 60 "$display", "Registrador[18] %0d", &A<v0x626a09eaf050, 18> {0 0 0};
    %vpi_call 2 61 "$display", "Registrador[19] %0d", &A<v0x626a09eaf050, 19> {0 0 0};
    %vpi_call 2 62 "$display", "Registrador[20] %0d", &A<v0x626a09eaf050, 20> {0 0 0};
    %vpi_call 2 63 "$display", "Registrador[21] %0d", &A<v0x626a09eaf050, 21> {0 0 0};
    %vpi_call 2 64 "$display", "Registrador[22] %0d", &A<v0x626a09eaf050, 22> {0 0 0};
    %vpi_call 2 65 "$display", "Registrador[23] %0d", &A<v0x626a09eaf050, 23> {0 0 0};
    %vpi_call 2 66 "$display", "Registrador[24] %0d", &A<v0x626a09eaf050, 24> {0 0 0};
    %vpi_call 2 67 "$display", "Registrador[25] %0d", &A<v0x626a09eaf050, 25> {0 0 0};
    %vpi_call 2 68 "$display", "Registrador[26] %0d", &A<v0x626a09eaf050, 26> {0 0 0};
    %vpi_call 2 69 "$display", "Registrador[27] %0d", &A<v0x626a09eaf050, 27> {0 0 0};
    %vpi_call 2 70 "$display", "Registrador[28] %0d", &A<v0x626a09eaf050, 28> {0 0 0};
    %vpi_call 2 71 "$display", "Registrador[29] %0d", &A<v0x626a09eaf050, 29> {0 0 0};
    %vpi_call 2 72 "$display", "Registrador[30] %0d", &A<v0x626a09eaf050, 30> {0 0 0};
    %vpi_call 2 73 "$display", "Registrador[31] %0d", &A<v0x626a09eaf050, 31> {0 0 0};
    %vpi_call 2 74 "$display", "===================FIM====================" {0 0 0};
    %vpi_call 2 76 "$finish" {0 0 0};
    %end;
    .thread T_11;
# The file index is used to find the file name in the following table.
:file_names 11;
    "N/A";
    "<interactive>";
    "Verilog_Codigo/Caminho_de_Dados_tb.v";
    "Verilog_Codigo/Caminho_de_Dados.v";
    "Verilog_Codigo/ALU.v";
    "Verilog_Codigo/Unit_Control.v";
    "Verilog_Codigo/Data_Memory.v";
    "Verilog_Codigo/Imm_gen.v";
    "Verilog_Codigo/Instruction_Memory.v";
    "Verilog_Codigo/Program_Counter.v";
    "Verilog_Codigo/Banco_de_Registradores.v";
